IQ-TREE multicore version 1.6.12 for Linux 64-bit built Mar 23 2020
Developed by Bui Quang Minh, Nguyen Lam Tung, Olga Chernomor,
Heiko Schmidt, Dominik Schrempf, Michael Woodhams.

Host:    tinhornfish (AVX2, FMA3, 31 GB RAM)
Command: iqtree2 -s concatenated__allgenes_allspecies.fasta -spp partition.raxml -m MFP -bb 1000 -nt AUTO -pre iqtree_output
Seed:    552459 (Using SPRNG - Scalable Parallel Random Number Generator)
Time:    Tue May 12 12:25:13 2026
Kernel:  AVX+FMA - auto-detect threads (4 CPU cores detected)

Reading partition model file partition.raxml ...
Reading alignment file concatenated__allgenes_allspecies.fasta ... Fasta format detected
Alignment most likely contains DNA/RNA sequences
Alignment has 13 sequences with 4385 columns, 998 distinct patterns
1441 parsimony-informative, 340 singleton sites, 2604 constant sites
                     Gap/Ambiguity  Composition  p-value
   1  Pan_paniscus           0.62%    passed     93.79%
   2  Pan_troglodytes        0.62%    passed     98.32%
   3  Gorilla_beringei       0.73%    passed     89.77%
   4  Gorilla_gorilla        0.41%    passed     88.05%
   5  Pongo_abelii           0.59%    failed      4.58%
   6  Pongo_pygmaeus         0.66%    passed     48.33%
   7  Hoolock_hoolock        0.64%    passed     81.18%
   8  Hoolock_leuconedys     0.62%    passed     72.11%
   9  Hylobates_agilis       0.62%    failed      3.76%
  10  Nomascus_leucogenys    0.41%    passed     55.99%
  11  Cercocebus_atys        0.14%    failed      0.47%
  12  Macaca_mulatta         0.00%    passed     77.43%
  13  Macaca_fascicularis    0.68%    passed     44.69%
****  TOTAL                  0.52%  3 sequences failed composition chi2 test (p-value<5%; df=3)

Partition file is not in NEXUS format, assuming RAxML-style partition file...
Subset	Type	Seqs	Sites	Infor	Invar	Model	Name
1	DNA	13	1569	490	983	GTR	COX1
2	DNA	13	1141	388	635	GTR	CYTB
3	DNA	13	684	209	433	GTR	COX2
4	DNA	13	207	104	84	GTR	ATP8
5	DNA	13	784	250	469	GTR	COX3
Degree of missing data: 0.000
Info: multi-threading strategy over partitions



Create initial parsimony tree by phylogenetic likelihood library (PLL)... 0.011 seconds
NOTE: ModelFinder requires 11 MB RAM!
NUMBER OF THREADS FOR PARTITION FINDING: 4
Testing GTR+F+G on supermatrix...
GTR+F+G4 / LnL: -21159.306 / df: 32 / AIC: 42382.612 / AICc: 42383.098 / BIC: 42586.963
Selecting individual models for 5 charsets using BIC...
 No. Model        Score       Charset
   1 HKY+F+G4     6152.412    COX2
   2 TPM2u+F+G4   7551.579    COX3
   3 TN+F+I       2487.840    ATP8
   4 TPM2u+F+R2   14489.611   COX1
   5 HKY+F+G4     11717.143   CYTB
Full partition model BIC score: 42643.945 (LnL: -21087.166  df:56)
Partition information was printed to iqtree_output.best_scheme.nex
Partition information in Raxml format was printed to iqtree_output.best_scheme

WARNING: Partition model has worse fit than single model!
WARNING: Add MERGE to -m option to increase model fit!

All model information printed to iqtree_output.model.gz
CPU time for ModelFinder: 17.099 seconds (0h:0m:17s)
Wall-clock time for ModelFinder: 6.718 seconds (0h:0m:6s)
Generating 1000 samples for ultrafast bootstrap (seed: 552459)...

NOTE: 7 MB RAM (0 GB) is required!
Measuring multi-threading efficiency up to 4 CPU cores
Increase to 10 rounds for branch lengths
103 trees examined
Threads: 1 / Time: 4.010 sec / Speedup: 1.000 / Efficiency: 100% / LogL: -28280
Threads: 2 / Time: 2.441 sec / Speedup: 1.643 / Efficiency: 82% / LogL: -28280
Threads: 3 / Time: 2.277 sec / Speedup: 1.761 / Efficiency: 59% / LogL: -28280
Threads: 4 / Time: 3.449 sec / Speedup: 1.163 / Efficiency: 29% / LogL: -28280
BEST NUMBER OF THREADS: 3

Estimate model parameters (epsilon = 0.100)
Initial log-likelihood: -23695.025
Current log-likelihood at step 1: -21134.120
Current log-likelihood at step 2: -21090.163
Current log-likelihood at step 3: -21087.415
Current log-likelihood at step 4: -21087.094
Current log-likelihood at step 5: -21087.002
Partition-specific rates:  0.877 1.209 0.913 1.274 0.946
Parameters optimization took 4 rounds (0.088 sec)

Computing ML distances based on estimated model parameters... 0.007 sec
Computing BIONJ tree...
0.001 seconds
Log-likelihood of BIONJ tree: -21087.002
--------------------------------------------------------------------
|             INITIALIZING CANDIDATE TREE SET                      |
--------------------------------------------------------------------
Generating 99 parsimony trees... 0.312 second
Computing log-likelihood of 99 initial trees ... 0.729 seconds
Current best score: -21087.002

Do NNI search on 20 best initial trees
Estimate model parameters (epsilon = 0.100)
Initial log-likelihood: -21084.735
Current log-likelihood at step 1: -21084.597
Current log-likelihood at step 2: -21084.530
Parameters optimization took 1 rounds (0.021 sec)

BETTER TREE FOUND at iteration 1: -21084.530
Iteration 10 / LogL: -21084.616 / Time: 0h:0m:14s
Iteration 20 / LogL: -21084.901 / Time: 0h:0m:14s
Finish initializing candidate tree set (1)
Current best tree score: -21084.530 / CPU time: 2.206
Number of iterations: 20
--------------------------------------------------------------------
|               OPTIMIZING CANDIDATE TREE SET                      |
--------------------------------------------------------------------
Iteration 30 / LogL: -21084.592 / Time: 0h:0m:15s (0h:0m:38s left)
Iteration 40 / LogL: -21084.727 / Time: 0h:0m:16s (0h:0m:25s left)
Iteration 50 / LogL: -21084.594 / Time: 0h:0m:17s (0h:0m:17s left)
Log-likelihood cutoff on original alignment: -21093.167
Iteration 60 / LogL: -21084.581 / Time: 0h:0m:17s (0h:0m:12s left)
Iteration 70 / LogL: -21084.685 / Time: 0h:0m:18s (0h:0m:8s left)
Iteration 80 / LogL: -21084.596 / Time: 0h:0m:19s (0h:0m:5s left)
UPDATE BEST LOG-LIKELIHOOD: -21084.530
Iteration 90 / LogL: -21084.619 / Time: 0h:0m:19s (0h:0m:2s left)
Iteration 100 / LogL: -21085.042 / Time: 0h:0m:20s (0h:0m:0s left)
Log-likelihood cutoff on original alignment: -21094.060
NOTE: Bootstrap correlation coefficient of split occurrence frequencies: 1.000
TREE SEARCH COMPLETED AFTER 102 ITERATIONS / Time: 0h:0m:21s

--------------------------------------------------------------------
|                    FINALIZING TREE SEARCH                        |
--------------------------------------------------------------------
Performs final model parameters optimization
Estimate model parameters (epsilon = 0.010)
Initial log-likelihood: -21084.530
Current log-likelihood at step 1: -21084.495
Current log-likelihood at step 2: -21084.477
Current log-likelihood at step 3: -21084.467
Partition-specific rates:  0.878 1.203 0.915 1.272 0.950
Parameters optimization took 2 rounds (0.033 sec)

BEST SCORE FOUND : -21084.467
Creating bootstrap support values...
Split supports printed to NEXUS file iqtree_output.splits.nex
Total tree length: 1.460

Total number of iterations: 102
CPU time used for tree search: 20.752 sec (0h:0m:20s)
Wall-clock time used for tree search: 8.584 sec (0h:0m:8s)
Total CPU time used: 45.544 sec (0h:0m:45s)
Total wall-clock time used: 21.129 sec (0h:0m:21s)

Computing bootstrap consensus tree...
Reading input file iqtree_output.splits.nex...
13 taxa and 25 splits.
Consensus tree written to iqtree_output.contree
Reading input trees file iqtree_output.contree
Log-likelihood of consensus tree: -21084.467

Analysis results written to: 
  IQ-TREE report:                iqtree_output.iqtree
  Maximum-likelihood tree:       iqtree_output.treefile
  Likelihood distances:          iqtree_output.mldist
  Best partitioning scheme:      iqtree_output.best_scheme.nex
           in RAxML format:      iqtree_output.best_scheme

Ultrafast bootstrap approximation results written to:
  Split support values:          iqtree_output.splits.nex
  Consensus tree:                iqtree_output.contree
  Screen log file:               iqtree_output.log

Date and Time: Tue May 12 12:25:41 2026
